#
# There is insufficient memory for the Java Runtime Environment to continue.
# Native memory allocation (malloc) failed to allocate 1048576 bytes for AllocateHeap
# Possible reasons:
#   The system is out of physical RAM or swap space
#   In 32 bit mode, the process size limit was hit
# Possible solutions:
#   Reduce memory load on the system
#   Increase physical memory or swap space
#   Check if swap backing store is full
#   Use 64 bit Java on a 64 bit OS
#   Decrease Java heap size (-Xmx/-Xms)
#   Decrease number of Java threads
#   Decrease Java thread stack sizes (-Xss)
#   Set larger code cache with -XX:ReservedCodeCacheSize=
# This output file may be truncated or incomplete.
#
#  Out of Memory Error (memory/allocation.inline.hpp:61), pid=660, tid=6480
#
# JRE version:  (8.0_51-b16) (build )
# Java VM: Java HotSpot(TM) 64-Bit Server VM (25.51-b03 mixed mode windows-amd64 compressed oops)
# Failed to write core dump. Minidumps are not enabled by default on client versions of Windows
#

---------------  T H R E A D  ---------------

Current thread (0x000000000089e000):  JavaThread "Unknown thread" [_thread_in_vm, id=6480, stack(0x0000000002310000,0x0000000002410000)]

Stack: [0x0000000002310000,0x0000000002410000]
Native frames: (J=compiled Java code, j=interpreted, Vv=VM code, C=native code)
V  [jvm.dll+0x32b4ca]
V  [jvm.dll+0x2797e3]
V  [jvm.dll+0x27a479]
V  [jvm.dll+0x271765]
V  [jvm.dll+0x1606]
V  [jvm.dll+0x3f7dd2]
V  [jvm.dll+0x3f876f]
V  [jvm.dll+0x3f883d]
V  [jvm.dll+0x3f8a06]
V  [jvm.dll+0xf2c22]
V  [jvm.dll+0x20f0a9]
V  [jvm.dll+0x240d2a]
V  [jvm.dll+0x15b9a1]
C  [java.exe+0x216e]
C  [java.exe+0xcd07]
C  [java.exe+0xcd9b]
C  [KERNEL32.DLL+0x18102]
C  [ntdll.dll+0x5c5b4]


---------------  P R O C E S S  ---------------

Java Threads: ( => current thread )

Other Threads:

=>0x000000000089e000 (exited) JavaThread "Unknown thread" [_thread_in_vm, id=6480, stack(0x0000000002310000,0x0000000002410000)]

VM state:not at safepoint (normal execution)

VM Mutex/Monitor currently owned by a thread: None

Heap:
 PSYoungGen      total 38400K, used 665K [0x00000000eab00000, 0x00000000ed580000, 0x0000000100000000)
  eden space 33280K, 2% used [0x00000000eab00000,0x00000000eaba6670,0x00000000ecb80000)
  from space 5120K, 0% used [0x00000000ed080000,0x00000000ed080000,0x00000000ed580000)
  to   space 5120K, 0% used [0x00000000ecb80000,0x00000000ecb80000,0x00000000ed080000)
 ParOldGen       total 87552K, used 0K [0x00000000c0000000, 0x00000000c5580000, 0x00000000eab00000)
  object space 87552K, 0% used [0x00000000c0000000,0x00000000c0000000,0x00000000c5580000)
 Metaspace       used 766K, capacity 4480K, committed 4480K, reserved 1056768K
  class space    used 75K, capacity 384K, committed 384K, reserved 1048576K

Card table byte_map: [0x00000000118d0000,0x0000000011ae0000] byte_map_base: 0x00000000112d0000

Marking Bits: (ParMarkBitMap*) 0x0000000060de4040
 Begin Bits: [0x0000000012040000, 0x0000000013040000)
 End Bits:   [0x0000000013040000, 0x0000000014040000)

Polling page: 0x00000000001f0000

CodeCache: size=245760Kb used=328Kb max_used=328Kb free=245431Kb
 bounds [0x0000000002510000, 0x0000000002780000, 0x0000000011510000]
 total_blobs=57 nmethods=0 adapters=37
 compilation: enabled

Compilation events (0 events):
No events

GC Heap History (0 events):
No events

Deoptimization events (0 events):
No events

Internal exceptions (0 events):
No events

Events (10 events):
Event: 0.048 loading class java/lang/Short
Event: 0.051 loading class java/lang/Short done
Event: 0.052 loading class java/lang/Integer
Event: 0.052 loading class java/lang/Integer done
Event: 0.052 loading class java/lang/Long
Event: 0.052 loading class java/lang/Long done
Event: 0.053 loading class java/lang/NullPointerException
Event: 0.053 loading class java/lang/NullPointerException done
Event: 0.053 loading class java/lang/ArithmeticException
Event: 0.053 loading class java/lang/ArithmeticException done


Dynamic libraries:
0x00007ff6985a0000 - 0x00007ff6985d7000 	C:\Program Files\Java\jdk1.8.0_51\bin\java.exe
0x00007ffe667a0000 - 0x00007ffe66961000 	C:\WINDOWS\SYSTEM32\ntdll.dll
0x00007ffe66630000 - 0x00007ffe666dd000 	C:\WINDOWS\system32\KERNEL32.DLL
0x00007ffe63280000 - 0x00007ffe63468000 	C:\WINDOWS\system32\KERNELBASE.dll
0x00007ffe666f0000 - 0x00007ffe66797000 	C:\WINDOWS\system32\ADVAPI32.dll
0x00007ffe64730000 - 0x00007ffe647cd000 	C:\WINDOWS\system32\msvcrt.dll
0x00007ffe64000000 - 0x00007ffe6405b000 	C:\WINDOWS\system32\sechost.dll
0x00007ffe63e80000 - 0x00007ffe63f9c000 	C:\WINDOWS\system32\RPCRT4.dll
0x00007ffe64ac0000 - 0x00007ffe64c16000 	C:\WINDOWS\system32\USER32.dll
0x00007ffe647d0000 - 0x00007ffe64956000 	C:\WINDOWS\system32\GDI32.dll
0x00007ffe4db70000 - 0x00007ffe4dde4000 	C:\WINDOWS\WinSxS\amd64_microsoft.windows.common-controls_6595b64144ccf1df_6.0.10586.0_none_8c15ae12515e1c22\COMCTL32.dll
0x00007ffe63c00000 - 0x00007ffe63e7d000 	C:\WINDOWS\system32\combase.dll
0x00007ffe63470000 - 0x00007ffe634da000 	C:\WINDOWS\system32\bcryptPrimitives.dll
0x00007ffe63fc0000 - 0x00007ffe63ffb000 	C:\WINDOWS\system32\IMM32.DLL
0x0000000060150000 - 0x0000000060222000 	C:\Program Files\Java\jdk1.8.0_51\jre\bin\msvcr100.dll
0x00000000605e0000 - 0x0000000060e63000 	C:\Program Files\Java\jdk1.8.0_51\jre\bin\server\jvm.dll
0x00007ffe66620000 - 0x00007ffe66628000 	C:\WINDOWS\system32\PSAPI.DLL
0x00007ffe58b20000 - 0x00007ffe58b29000 	C:\WINDOWS\SYSTEM32\WSOCK32.dll
0x00007ffe613c0000 - 0x00007ffe613e3000 	C:\WINDOWS\SYSTEM32\WINMM.dll
0x00007ffe66230000 - 0x00007ffe6629b000 	C:\WINDOWS\system32\WS2_32.dll
0x00007ffe60410000 - 0x00007ffe6041a000 	C:\WINDOWS\SYSTEM32\VERSION.dll
0x00007ffe61360000 - 0x00007ffe6138c000 	C:\WINDOWS\SYSTEM32\WINMMBASE.dll
0x00007ffe63b50000 - 0x00007ffe63b93000 	C:\WINDOWS\system32\cfgmgr32.dll
0x0000000060f10000 - 0x0000000060f1f000 	C:\Program Files\Java\jdk1.8.0_51\jre\bin\verify.dll
0x0000000060ee0000 - 0x0000000060f09000 	C:\Program Files\Java\jdk1.8.0_51\jre\bin\java.dll
0x0000000060ec0000 - 0x0000000060ed6000 	C:\Program Files\Java\jdk1.8.0_51\jre\bin\zip.dll
0x00007ffe60ba0000 - 0x00007ffe60d2c000 	C:\WINDOWS\SYSTEM32\dbghelp.dll

VM Arguments:
jvm_args: -Djava.awt.headless=true -Xmx1024M -Dfile.encoding=GBK -Duser.country=CN -Duser.language=zh -Duser.variant 
java_command: com.android.dx.command.Main --dex --num-threads=4 --output D:\GoogleMapDistance\app\build\intermediates\pre-dexed\debug\debug_fe720b416ec4d71c094e1bcdbd530396b4765419.jar D:\GoogleMapDistance\app\build\intermediates\classes\debug
java_class_path (initial): E:\Users\guoecho\AppData\Local\Android\sdk1\build-tools\23.0.2\lib\dx.jar
Launcher Type: SUN_STANDARD

Environment Variables:
JAVA_HOME=C:\Program Files\Java\jdk1.8.0_51
CLASSPATH=.;C:\Program Files\Java\jdk1.8.0_51\lib;
PATH=C:\Program Files\Java\jdk1.8.0_51\bin;C:\ProgramData\Oracle\Java\javapath;C:\Program Files (x86)\Intel\iCLS Client\;C:\Program Files\Intel\iCLS Client\;C:\Windows\system32;C:\Windows;C:\Windows\System32\Wbem;C:\Windows\System32\WindowsPowerShell\v1.0\;C:\Program Files (x86)\Acer\abFiles\;C:\Program Files\Intel\Intel(R) Management Engine Components\DAL;C:\Program Files (x86)\Intel\Intel(R) Management Engine Components\DAL;C:\Program Files\Intel\Intel(R) Management Engine Components\IPT;C:\Program Files (x86)\Intel\Intel(R) Management Engine Components\IPT;C:\WINDOWS\system32;C:\WINDOWS;C:\WINDOWS\System32\Wbem;C:\WINDOWS\System32\WindowsPowerShell\v1.0\;C:\Program Files (x86)\MySQL\MySQL Fabric 1.5 & MySQL Utilities 1.5\;C:\Program Files (x86)\MySQL\MySQL Fabric 1.5 & MySQL Utilities 1.5\Doctrine extensions for PHP\;C:\WINDOWSSystem32;C:\WINDOWSSystem32WindowsPowerShellv1.0;C:\Program Files (x86)\Skype\Phone\;E:\Program Files\VisualSVN Server\bin;E:\Program Files (x86)\VisualSVN\bin;E:\Program Files\TortoiseSVN\bin;E:\Program Files (x86)\Python\Python35-32\Scripts\;E:\Program Files (x86)\Python\Python35-32\
USERNAME=guoecho
OS=Windows_NT
PROCESSOR_IDENTIFIER=Intel64 Family 6 Model 61 Stepping 4, GenuineIntel



---------------  S Y S T E M  ---------------

OS: Windows 10.0 , 64 bit Build 10586 (10.0.10586.0)

CPU:total 4 (2 cores per cpu, 2 threads per core) family 6 model 61 stepping 4, cmov, cx8, fxsr, mmx, sse, sse2, sse3, ssse3, sse4.1, sse4.2, popcnt, avx, avx2, aes, clmul, erms, 3dnowpref, lzcnt, ht, tsc, tscinvbit, bmi1, bmi2, adx

Memory: 4k page, physical 8301904k(1023612k free), swap 8301904k(9028k free)

vm_info: Java HotSpot(TM) 64-Bit Server VM (25.51-b03) for windows-amd64 JRE (1.8.0_51-b16), built on Jun  8 2015 18:03:07 by "java_re" with MS VC++ 10.0 (VS2010)

time: Wed May 11 18:17:54 2016
elapsed time: 3 seconds (0d 0h 0m 3s)

