#
# There is insufficient memory for the Java Runtime Environment to continue.
# Native memory allocation (malloc) failed to allocate 32784 bytes for Chunk::new
# Possible reasons:
#   The system is out of physical RAM or swap space
#   In 32 bit mode, the process size limit was hit
# Possible solutions:
#   Reduce memory load on the system
#   Increase physical memory or swap space
#   Check if swap backing store is full
#   Use 64 bit Java on a 64 bit OS
#   Decrease Java heap size (-Xmx/-Xms)
#   Decrease number of Java threads
#   Decrease Java thread stack sizes (-Xss)
#   Set larger code cache with -XX:ReservedCodeCacheSize=
# This output file may be truncated or incomplete.
#
#  Out of Memory Error (allocation.cpp:390), pid=7380, tid=2368
#
# JRE version: Java(TM) SE Runtime Environment (8.0_51-b16) (build 1.8.0_51-b16)
# Java VM: Java HotSpot(TM) 64-Bit Server VM (25.51-b03 mixed mode windows-amd64 compressed oops)
# Failed to write core dump. Minidumps are not enabled by default on client versions of Windows
#

---------------  T H R E A D  ---------------

Current thread (0x00000000163b3000):  JavaThread "C1 CompilerThread2" daemon [_thread_in_native, id=2368, stack(0x0000000016860000,0x0000000016960000)]

Stack: [0x0000000016860000,0x0000000016960000]
Native frames: (J=compiled Java code, j=interpreted, Vv=VM code, C=native code)
V  [jvm.dll+0x32b4ca]
V  [jvm.dll+0x2797e3]
V  [jvm.dll+0x27a479]
V  [jvm.dll+0x271765]
V  [jvm.dll+0xcba02]
V  [jvm.dll+0xcbecc]
V  [jvm.dll+0x26fe8b]
V  [jvm.dll+0x2c31ba]
V  [jvm.dll+0x42ff8a]
V  [jvm.dll+0x43a2e3]
V  [jvm.dll+0x42f040]
V  [jvm.dll+0x4191c0]
V  [jvm.dll+0x405e0d]
V  [jvm.dll+0x406280]
V  [jvm.dll+0x4063b2]
V  [jvm.dll+0x406581]
V  [jvm.dll+0x40678f]
V  [jvm.dll+0xa43a2]
V  [jvm.dll+0xa4cdf]
V  [jvm.dll+0x2418a4]
V  [jvm.dll+0x29846a]
C  [msvcr100.dll+0x21d9f]
C  [msvcr100.dll+0x21e3b]
C  [KERNEL32.DLL+0x18102]
C  [ntdll.dll+0x5c5b4]


Current CompileTask:
C1:   2780  569   !   3       com.android.dx.cf.code.BytecodeArray::parseInstruction (2764 bytes)


---------------  P R O C E S S  ---------------

Java Threads: ( => current thread )
  0x00000000165fb800 JavaThread "pool-1-thread-4" [_thread_blocked, id=1020, stack(0x0000000017760000,0x0000000017860000)]
  0x00000000165f9000 JavaThread "pool-1-thread-3" [_thread_blocked, id=9764, stack(0x0000000017660000,0x0000000017760000)]
  0x000000001665d800 JavaThread "pool-1-thread-2" [_thread_blocked, id=3748, stack(0x0000000017560000,0x0000000017660000)]
  0x00000000165d4000 JavaThread "pool-2-thread-1" [_thread_blocked, id=5268, stack(0x0000000017460000,0x0000000017560000)]
  0x00000000165e0800 JavaThread "pool-1-thread-1" [_thread_in_vm, id=6280, stack(0x0000000017360000,0x0000000017460000)]
  0x00000000163db800 JavaThread "Service Thread" daemon [_thread_blocked, id=10544, stack(0x0000000016960000,0x0000000016a60000)]
=>0x00000000163b3000 JavaThread "C1 CompilerThread2" daemon [_thread_in_native, id=2368, stack(0x0000000016860000,0x0000000016960000)]
  0x0000000016361000 JavaThread "C2 CompilerThread1" daemon [_thread_in_native, id=2636, stack(0x0000000016760000,0x0000000016860000)]
  0x0000000014d6d800 JavaThread "C2 CompilerThread0" daemon [_thread_in_native, id=12060, stack(0x0000000016260000,0x0000000016360000)]
  0x0000000014d6b000 JavaThread "Attach Listener" daemon [_thread_blocked, id=11112, stack(0x0000000016160000,0x0000000016260000)]
  0x0000000014d20000 JavaThread "Signal Dispatcher" daemon [_thread_blocked, id=8520, stack(0x0000000016060000,0x0000000016160000)]
  0x0000000002631800 JavaThread "Finalizer" daemon [_thread_blocked, id=11032, stack(0x0000000015f60000,0x0000000016060000)]
  0x0000000014cd9800 JavaThread "Reference Handler" daemon [_thread_blocked, id=8420, stack(0x0000000015e60000,0x0000000015f60000)]
  0x000000000253e000 JavaThread "main" [_thread_blocked, id=10732, stack(0x0000000002380000,0x0000000002480000)]

Other Threads:
  0x0000000014cd7000 VMThread [stack: 0x0000000015d60000,0x0000000015e60000] [id=11560]
  0x00000000163e5000 WatcherThread [stack: 0x0000000016a60000,0x0000000016b60000] [id=10492]

VM state:not at safepoint (normal execution)

VM Mutex/Monitor currently owned by a thread:  ([mutex/lock_event])
[0x0000000002540750] MethodData_lock - owner thread: 0x00000000165e0800

Heap:
 PSYoungGen      total 38400K, used 27574K [0x00000000eab00000, 0x00000000ed580000, 0x0000000100000000)
  eden space 33280K, 82% used [0x00000000eab00000,0x00000000ec5ed930,0x00000000ecb80000)
  from space 5120K, 0% used [0x00000000ed080000,0x00000000ed080000,0x00000000ed580000)
  to   space 5120K, 0% used [0x00000000ecb80000,0x00000000ecb80000,0x00000000ed080000)
 ParOldGen       total 87552K, used 0K [0x00000000c0000000, 0x00000000c5580000, 0x00000000eab00000)
  object space 87552K, 0% used [0x00000000c0000000,0x00000000c0000000,0x00000000c5580000)
 Metaspace       used 5610K, capacity 6576K, committed 6784K, reserved 1056768K
  class space    used 589K, capacity 616K, committed 640K, reserved 1048576K

Card table byte_map: [0x0000000011a00000,0x0000000011c10000] byte_map_base: 0x0000000011400000

Marking Bits: (ParMarkBitMap*) 0x0000000060de4040
 Begin Bits: [0x0000000012170000, 0x0000000013170000)
 End Bits:   [0x0000000013170000, 0x0000000014170000)

Polling page: 0x00000000001f0000

CodeCache: size=245760Kb used=2324Kb max_used=2335Kb free=243435Kb
 bounds [0x0000000002640000, 0x00000000028b0000, 0x0000000011640000]
 total_blobs=857 nmethods=586 adapters=184
 compilation: enabled

Compilation events (10 events):
Event: 2.597 Thread 0x00000000163b3000 nmethod 570 0x0000000002882b90 code [0x0000000002882d00, 0x0000000002882fb0]
Event: 2.597 Thread 0x00000000163b3000  569   !   3       com.android.dx.cf.code.BytecodeArray::parseInstruction (2764 bytes)
Event: 2.601 Thread 0x0000000016361000  603       4       com.android.dx.util.MutabilityControl::throwIfImmutable (18 bytes)
Event: 2.601 Thread 0x0000000014d6d800  583   !   4       com.android.dx.util.FixedSizeList::get0 (47 bytes)
Event: 2.602 Thread 0x0000000016361000 nmethod 603 0x0000000002885c90 code [0x0000000002885dc0, 0x0000000002885e38]
Event: 2.602 Thread 0x0000000016361000  577       4       com.android.dx.util.Bits::set (19 bytes)
Event: 2.602 Thread 0x0000000014d6d800 nmethod 583 0x00000000028844d0 code [0x0000000002884600, 0x00000000028846b8]
Event: 2.602 Thread 0x0000000016361000 nmethod 577 0x0000000002884250 code [0x0000000002884380, 0x0000000002884418]
Event: 2.604 Thread 0x0000000014d6d800  607       4       java.util.ArrayList$Itr::next (66 bytes)
Event: 2.605 Thread 0x0000000016361000  609       4       java.util.HashMap::getNode (148 bytes)

GC Heap History (0 events):
No events

Deoptimization events (0 events):
No events

Internal exceptions (2 events):
Event: 0.058 Thread 0x000000000253e000 Exception <a 'java/lang/NoSuchMethodError': Method sun.misc.Unsafe.defineClass(Ljava/lang/String;[BII)Ljava/lang/Class; name or signature does not match> (0x00000000eab12ee0) thrown at [C:\re\workspace\8-2-build-windows-amd64-cygwin\jdk8u51\3951\hotspot\srzScÁ¬­?
Event: 0.058 Thread 0x000000000253e000 Exception <a 'java/lang/NoSuchMethodError': Method sun.misc.Unsafe.prefetchRead(Ljava/lang/Object;J)V name or signature does not match> (0x00000000eab13170) thrown at [C:\re\workspace\8-2-build-windows-amd64-cygwin\jdk8u51\3951\hotspot\src\share\vm\prims\j

Events (10 events):
Event: 2.591 loading class com/android/dx/dex/code/StdCatchBuilder
Event: 2.591 loading class com/android/dx/dex/code/StdCatchBuilder done
Event: 2.592 loading class com/android/dx/dex/code/DalvCode
Event: 2.592 loading class com/android/dx/dex/code/DalvCode done
Event: 2.593 loading class java/io/PrintWriter
Event: 2.593 loading class java/io/PrintWriter done
Event: 2.593 loading class com/android/dx/dex/file/DebugInfoItem
Event: 2.593 loading class com/android/dx/dex/file/DebugInfoItem done
Event: 2.595 loading class com/android/dx/cf/code/SwitchList
Event: 2.595 loading class com/android/dx/cf/code/SwitchList done


Dynamic libraries:
0x00007ff6985a0000 - 0x00007ff6985d7000 	C:\Program Files\Java\jdk1.8.0_51\bin\java.exe
0x00007ffe667a0000 - 0x00007ffe66961000 	C:\WINDOWS\SYSTEM32\ntdll.dll
0x00007ffe66630000 - 0x00007ffe666dd000 	C:\WINDOWS\system32\KERNEL32.DLL
0x00007ffe63280000 - 0x00007ffe63468000 	C:\WINDOWS\system32\KERNELBASE.dll
0x00007ffe666f0000 - 0x00007ffe66797000 	C:\WINDOWS\system32\ADVAPI32.dll
0x00007ffe64730000 - 0x00007ffe647cd000 	C:\WINDOWS\system32\msvcrt.dll
0x00007ffe64000000 - 0x00007ffe6405b000 	C:\WINDOWS\system32\sechost.dll
0x00007ffe63e80000 - 0x00007ffe63f9c000 	C:\WINDOWS\system32\RPCRT4.dll
0x00007ffe64ac0000 - 0x00007ffe64c16000 	C:\WINDOWS\system32\USER32.dll
0x00007ffe647d0000 - 0x00007ffe64956000 	C:\WINDOWS\system32\GDI32.dll
0x00007ffe4db70000 - 0x00007ffe4dde4000 	C:\WINDOWS\WinSxS\amd64_microsoft.windows.common-controls_6595b64144ccf1df_6.0.10586.0_none_8c15ae12515e1c22\COMCTL32.dll
0x00007ffe63c00000 - 0x00007ffe63e7d000 	C:\WINDOWS\system32\combase.dll
0x00007ffe63470000 - 0x00007ffe634da000 	C:\WINDOWS\system32\bcryptPrimitives.dll
0x00007ffe63fc0000 - 0x00007ffe63ffb000 	C:\WINDOWS\system32\IMM32.DLL
0x0000000060150000 - 0x0000000060222000 	C:\Program Files\Java\jdk1.8.0_51\jre\bin\msvcr100.dll
0x00000000605e0000 - 0x0000000060e63000 	C:\Program Files\Java\jdk1.8.0_51\jre\bin\server\jvm.dll
0x00007ffe66620000 - 0x00007ffe66628000 	C:\WINDOWS\system32\PSAPI.DLL
0x00007ffe58b20000 - 0x00007ffe58b29000 	C:\WINDOWS\SYSTEM32\WSOCK32.dll
0x00007ffe66230000 - 0x00007ffe6629b000 	C:\WINDOWS\system32\WS2_32.dll
0x00007ffe613c0000 - 0x00007ffe613e3000 	C:\WINDOWS\SYSTEM32\WINMM.dll
0x00007ffe60410000 - 0x00007ffe6041a000 	C:\WINDOWS\SYSTEM32\VERSION.dll
0x00007ffe61360000 - 0x00007ffe6138c000 	C:\WINDOWS\SYSTEM32\WINMMBASE.dll
0x00007ffe63b50000 - 0x00007ffe63b93000 	C:\WINDOWS\system32\cfgmgr32.dll
0x0000000060f10000 - 0x0000000060f1f000 	C:\Program Files\Java\jdk1.8.0_51\jre\bin\verify.dll
0x0000000060ee0000 - 0x0000000060f09000 	C:\Program Files\Java\jdk1.8.0_51\jre\bin\java.dll
0x0000000060ec0000 - 0x0000000060ed6000 	C:\Program Files\Java\jdk1.8.0_51\jre\bin\zip.dll
0x00007ffe64cd0000 - 0x00007ffe6622c000 	C:\WINDOWS\system32\SHELL32.dll
0x00007ffe63500000 - 0x00007ffe63b44000 	C:\WINDOWS\system32\windows.storage.dll
0x00007ffe63ba0000 - 0x00007ffe63bf2000 	C:\WINDOWS\system32\shlwapi.dll
0x00007ffe62e40000 - 0x00007ffe62e4f000 	C:\WINDOWS\system32\kernel.appcore.dll
0x00007ffe62e50000 - 0x00007ffe62f05000 	C:\WINDOWS\system32\shcore.dll
0x00007ffe62df0000 - 0x00007ffe62e3b000 	C:\WINDOWS\system32\powrprof.dll
0x00007ffe62dc0000 - 0x00007ffe62dd4000 	C:\WINDOWS\system32\profapi.dll
0x00007ffe60ba0000 - 0x00007ffe60d2c000 	C:\WINDOWS\SYSTEM32\dbghelp.dll

VM Arguments:
jvm_args: -Djava.awt.headless=true -Xmx1024M -Dfile.encoding=GBK -Duser.country=CN -Duser.language=zh -Duser.variant 
java_command: com.android.dx.command.Main --dex --num-threads=4 --output D:\GoogleMapDistance\app\build\intermediates\pre-dexed\debug\com.google.android.gms-play-services-games-8.4.0_e3d31d7d913b04c12990e9a6ad60932c2192d15b.jar D:\GoogleMapDistance\app\build\intermediates\exploded-aar\com.google.android.gms\play-services-games\8.4.0\jars\classes.jar
java_class_path (initial): E:\Users\guoecho\AppData\Local\Android\sdk1\build-tools\23.0.2\lib\dx.jar
Launcher Type: SUN_STANDARD

Environment Variables:
JAVA_HOME=C:\Program Files\Java\jdk1.8.0_51
CLASSPATH=.;C:\Program Files\Java\jdk1.8.0_51\lib;
PATH=C:\Program Files\Java\jdk1.8.0_51\bin;C:\ProgramData\Oracle\Java\javapath;C:\Program Files (x86)\Intel\iCLS Client\;C:\Program Files\Intel\iCLS Client\;C:\Windows\system32;C:\Windows;C:\Windows\System32\Wbem;C:\Windows\System32\WindowsPowerShell\v1.0\;C:\Program Files (x86)\Acer\abFiles\;C:\Program Files\Intel\Intel(R) Management Engine Components\DAL;C:\Program Files (x86)\Intel\Intel(R) Management Engine Components\DAL;C:\Program Files\Intel\Intel(R) Management Engine Components\IPT;C:\Program Files (x86)\Intel\Intel(R) Management Engine Components\IPT;C:\WINDOWS\system32;C:\WINDOWS;C:\WINDOWS\System32\Wbem;C:\WINDOWS\System32\WindowsPowerShell\v1.0\;C:\Program Files (x86)\MySQL\MySQL Fabric 1.5 & MySQL Utilities 1.5\;C:\Program Files (x86)\MySQL\MySQL Fabric 1.5 & MySQL Utilities 1.5\Doctrine extensions for PHP\;C:\WINDOWSSystem32;C:\WINDOWSSystem32WindowsPowerShellv1.0;C:\Program Files (x86)\Skype\Phone\;E:\Program Files\VisualSVN Server\bin;E:\Program Files (x86)\VisualSVN\bin;E:\Program Files\TortoiseSVN\bin;E:\Program Files (x86)\Python\Python35-32\Scripts\;E:\Program Files (x86)\Python\Python35-32\
USERNAME=guoecho
OS=Windows_NT
PROCESSOR_IDENTIFIER=Intel64 Family 6 Model 61 Stepping 4, GenuineIntel



---------------  S Y S T E M  ---------------

OS: Windows 10.0 , 64 bit Build 10586 (10.0.10586.0)

CPU:total 4 (2 cores per cpu, 2 threads per core) family 6 model 61 stepping 4, cmov, cx8, fxsr, mmx, sse, sse2, sse3, ssse3, sse4.1, sse4.2, popcnt, avx, avx2, aes, clmul, erms, 3dnowpref, lzcnt, ht, tsc, tscinvbit, bmi1, bmi2, adx

Memory: 4k page, physical 8301904k(995060k free), swap 8301904k(182052k free)

vm_info: Java HotSpot(TM) 64-Bit Server VM (25.51-b03) for windows-amd64 JRE (1.8.0_51-b16), built on Jun  8 2015 18:03:07 by "java_re" with MS VC++ 10.0 (VS2010)

time: Wed May 11 18:21:45 2016
elapsed time: 2 seconds (0d 0h 0m 2s)

